16:58:04 ############### experiments setting ###############
16:58:04 {'experiment_name': 'resnet50_finetuning', 'workers': 4, 'gpu': '0', 'epochs': 200, 'batch_size': 4, 'lr': 0.01, 'l2_decay': 0.0001, 'momentum': 0.9, 'nesterov': False}
16:58:04 ###################################################
16:58:07 
### epoch : 0 ###
16:59:36 (train) loss1 : 3.8789 loss2 : 1.1482
16:59:36 (train) accuracy1 : 41.58% accuracy2 : 90.17% train time: 89.35s
16:59:42 (eval) accuracy: 48.32% eval time: 5.45s
16:59:42 model is saved at 0 epochs
16:59:42 best accuracy: 48.32 % 
16:59:42 
### epoch : 1 ###
17:01:11 (train) loss1 : 1.5354 loss2 : 0.2834
17:01:11 (train) accuracy1 : 76.10% accuracy2 : 96.93% train time: 88.75s
17:01:16 (eval) accuracy: 66.98% eval time: 5.18s
17:01:16 model is saved at 1 epochs
17:01:16 best accuracy: 66.98 % 
17:01:16 
### epoch : 2 ###
17:02:44 (train) loss1 : 0.9447 loss2 : 0.2150
17:02:44 (train) accuracy1 : 85.25% accuracy2 : 97.78% train time: 87.63s
17:02:50 (eval) accuracy: 61.17% eval time: 5.26s
17:02:50 best accuracy: 66.98 % 
17:02:50 
### epoch : 3 ###
17:04:17 (train) loss1 : 0.6515 loss2 : 0.1837
17:04:17 (train) accuracy1 : 90.28% accuracy2 : 98.15% train time: 87.22s
17:04:22 (eval) accuracy: 66.98% eval time: 5.24s
17:04:22 best accuracy: 66.98 % 
17:04:22 
### epoch : 4 ###
17:05:49 (train) loss1 : 0.5342 loss2 : 0.1443
17:05:49 (train) accuracy1 : 91.95% accuracy2 : 98.58% train time: 87.10s
17:05:55 (eval) accuracy: 69.11% eval time: 5.14s
17:05:55 model is saved at 4 epochs
17:05:55 best accuracy: 69.11 % 
17:05:55 
### epoch : 5 ###
17:07:22 (train) loss1 : 0.4400 loss2 : 0.1247
17:07:22 (train) accuracy1 : 93.55% accuracy2 : 98.72% train time: 86.53s
17:07:27 (eval) accuracy: 62.77% eval time: 5.08s
17:07:27 best accuracy: 69.11 % 
17:07:27 
### epoch : 6 ###
17:08:55 (train) loss1 : 0.3624 loss2 : 0.1224
17:08:55 (train) accuracy1 : 94.61% accuracy2 : 98.60% train time: 87.95s
17:09:01 (eval) accuracy: 66.69% eval time: 5.07s
17:09:01 best accuracy: 69.11 % 
17:09:01 
### epoch : 7 ###
17:10:28 (train) loss1 : 0.3326 loss2 : 0.0934
17:10:28 (train) accuracy1 : 95.10% accuracy2 : 98.92% train time: 87.08s
17:10:33 (eval) accuracy: 63.95% eval time: 5.15s
17:10:33 best accuracy: 69.11 % 
17:10:33 
### epoch : 8 ###
17:12:00 (train) loss1 : 0.2921 loss2 : 0.1001
17:12:00 (train) accuracy1 : 95.93% accuracy2 : 98.88% train time: 86.88s
17:12:06 (eval) accuracy: 55.20% eval time: 5.06s
17:12:06 best accuracy: 69.11 % 
17:12:06 
### epoch : 9 ###
17:13:33 (train) loss1 : 0.2499 loss2 : 0.0910
17:13:33 (train) accuracy1 : 96.66% accuracy2 : 98.90% train time: 87.44s
17:13:39 (eval) accuracy: 64.65% eval time: 5.26s
17:13:39 best accuracy: 69.11 % 
17:13:39 
### epoch : 10 ###
17:15:06 (train) loss1 : 0.2639 loss2 : 0.0896
17:15:06 (train) accuracy1 : 96.31% accuracy2 : 98.85% train time: 87.09s
17:15:11 (eval) accuracy: 64.44% eval time: 5.24s
17:15:11 best accuracy: 69.11 % 
17:15:11 
### epoch : 11 ###
17:16:38 (train) loss1 : 0.2326 loss2 : 0.0633
17:16:38 (train) accuracy1 : 96.95% accuracy2 : 99.07% train time: 86.45s
17:16:43 (eval) accuracy: 59.08% eval time: 5.26s
17:16:43 best accuracy: 69.11 % 
17:16:43 
### epoch : 12 ###
17:18:11 (train) loss1 : 0.2146 loss2 : 0.0780
17:18:11 (train) accuracy1 : 96.90% accuracy2 : 98.97% train time: 87.50s
17:18:16 (eval) accuracy: 71.40% eval time: 5.24s
17:18:16 model is saved at 12 epochs
17:18:16 best accuracy: 71.40 % 
17:18:16 
### epoch : 13 ###
17:19:43 (train) loss1 : 0.2061 loss2 : 0.0483
17:19:43 (train) accuracy1 : 97.05% accuracy2 : 99.36% train time: 86.80s
17:19:49 (eval) accuracy: 71.97% eval time: 5.06s
17:19:49 model is saved at 13 epochs
17:19:49 best accuracy: 71.97 % 
17:19:49 
### epoch : 14 ###
17:21:16 (train) loss1 : 0.1831 loss2 : 0.0589
17:21:16 (train) accuracy1 : 97.43% accuracy2 : 99.20% train time: 86.94s
17:21:21 (eval) accuracy: 62.15% eval time: 5.08s
17:21:21 best accuracy: 71.97 % 
17:21:21 
### epoch : 15 ###
17:22:48 (train) loss1 : 0.1651 loss2 : 0.0567
17:22:48 (train) accuracy1 : 97.73% accuracy2 : 99.17% train time: 86.42s
17:22:53 (eval) accuracy: 60.88% eval time: 5.04s
17:22:53 best accuracy: 71.97 % 
17:22:53 
### epoch : 16 ###
17:24:20 (train) loss1 : 0.1600 loss2 : 0.0568
17:24:20 (train) accuracy1 : 97.56% accuracy2 : 99.20% train time: 86.74s
17:24:25 (eval) accuracy: 69.64% eval time: 5.23s
17:24:25 best accuracy: 71.97 % 
17:24:25 
### epoch : 17 ###
17:25:52 (train) loss1 : 0.1733 loss2 : 0.0665
17:25:52 (train) accuracy1 : 97.33% accuracy2 : 99.13% train time: 86.58s
17:25:57 (eval) accuracy: 73.90% eval time: 5.16s
17:25:57 model is saved at 17 epochs
17:25:58 best accuracy: 73.90 % 
17:25:58 
### epoch : 18 ###
17:27:24 (train) loss1 : 0.1733 loss2 : 0.0455
17:27:24 (train) accuracy1 : 97.56% accuracy2 : 99.43% train time: 86.51s
17:27:30 (eval) accuracy: 64.73% eval time: 5.05s
17:27:30 best accuracy: 73.90 % 
17:27:30 
### epoch : 19 ###
17:28:56 (train) loss1 : 0.1494 loss2 : 0.0517
17:28:56 (train) accuracy1 : 98.02% accuracy2 : 99.24% train time: 86.49s
17:29:02 (eval) accuracy: 79.79% eval time: 5.24s
17:29:02 model is saved at 19 epochs
17:29:02 best accuracy: 79.79 % 
17:29:02 
### epoch : 20 ###
17:30:29 (train) loss1 : 0.1318 loss2 : 0.0387
17:30:29 (train) accuracy1 : 98.24% accuracy2 : 99.48% train time: 86.93s
17:30:34 (eval) accuracy: 71.07% eval time: 5.24s
17:30:34 best accuracy: 79.79 % 
17:30:34 
### epoch : 21 ###
17:32:01 (train) loss1 : 0.1360 loss2 : 0.0553
17:32:01 (train) accuracy1 : 97.99% accuracy2 : 99.27% train time: 86.85s
17:32:07 (eval) accuracy: 65.10% eval time: 5.05s
17:32:07 best accuracy: 79.79 % 
17:32:07 
### epoch : 22 ###
17:33:35 (train) loss1 : 0.1250 loss2 : 0.0299
17:33:35 (train) accuracy1 : 98.27% accuracy2 : 99.58% train time: 88.50s
17:33:41 (eval) accuracy: 78.07% eval time: 5.15s
17:33:41 best accuracy: 79.79 % 
17:33:41 
### epoch : 23 ###
17:35:08 (train) loss1 : 0.1219 loss2 : 0.0279
17:35:08 (train) accuracy1 : 98.33% accuracy2 : 99.59% train time: 87.57s
17:35:14 (eval) accuracy: 57.65% eval time: 5.10s
17:35:14 best accuracy: 79.79 % 
17:35:14 
### epoch : 24 ###
17:36:44 (train) loss1 : 0.2011 loss2 : 0.0744
17:36:44 (train) accuracy1 : 97.33% accuracy2 : 99.06% train time: 90.44s
17:36:50 (eval) accuracy: 74.59% eval time: 5.22s
17:36:50 best accuracy: 79.79 % 
17:36:50 
### epoch : 25 ###
17:38:17 (train) loss1 : 0.1453 loss2 : 0.0474
17:38:17 (train) accuracy1 : 98.04% accuracy2 : 99.38% train time: 87.19s
17:38:22 (eval) accuracy: 67.76% eval time: 5.16s
17:38:22 best accuracy: 79.79 % 
17:38:22 
### epoch : 26 ###
17:39:49 (train) loss1 : 0.1565 loss2 : 0.0371
17:39:49 (train) accuracy1 : 97.73% accuracy2 : 99.48% train time: 87.00s
17:39:55 (eval) accuracy: 66.04% eval time: 5.08s
17:39:55 best accuracy: 79.79 % 
17:39:55 
### epoch : 27 ###
17:41:23 (train) loss1 : 0.1353 loss2 : 0.0397
17:41:23 (train) accuracy1 : 97.98% accuracy2 : 99.45% train time: 87.54s
17:41:28 (eval) accuracy: 61.21% eval time: 5.26s
17:41:28 best accuracy: 79.79 % 
17:41:28 
### epoch : 28 ###
17:42:55 (train) loss1 : 0.0932 loss2 : 0.0384
17:42:55 (train) accuracy1 : 98.55% accuracy2 : 99.49% train time: 86.95s
17:43:01 (eval) accuracy: 65.88% eval time: 5.10s
17:43:01 best accuracy: 79.79 % 
17:43:01 
### epoch : 29 ###
17:44:28 (train) loss1 : 0.1153 loss2 : 0.0431
17:44:28 (train) accuracy1 : 98.52% accuracy2 : 99.53% train time: 87.51s
17:44:34 (eval) accuracy: 72.42% eval time: 5.27s
17:44:34 best accuracy: 79.79 % 
17:44:34 
### epoch : 30 ###
17:46:01 (train) loss1 : 0.0911 loss2 : 0.0317
17:46:01 (train) accuracy1 : 98.71% accuracy2 : 99.48% train time: 87.36s
17:46:06 (eval) accuracy: 70.74% eval time: 5.28s
17:46:06 best accuracy: 79.79 % 
17:46:06 
### epoch : 31 ###
17:47:34 (train) loss1 : 0.1100 loss2 : 0.0328
17:47:34 (train) accuracy1 : 98.52% accuracy2 : 99.52% train time: 87.66s
17:47:40 (eval) accuracy: 61.66% eval time: 5.07s
17:47:40 best accuracy: 79.79 % 
17:47:40 
### epoch : 32 ###
17:49:07 (train) loss1 : 0.0893 loss2 : 0.0294
17:49:07 (train) accuracy1 : 98.76% accuracy2 : 99.61% train time: 87.20s
17:49:12 (eval) accuracy: 75.33% eval time: 5.07s
17:49:12 best accuracy: 79.79 % 
17:49:12 
### epoch : 33 ###
17:50:40 (train) loss1 : 0.0950 loss2 : 0.0270
17:50:40 (train) accuracy1 : 98.47% accuracy2 : 99.65% train time: 87.48s
17:50:45 (eval) accuracy: 80.48% eval time: 5.07s
17:50:45 model is saved at 33 epochs
17:50:46 best accuracy: 80.48 % 
17:50:46 
### epoch : 34 ###
17:52:13 (train) loss1 : 0.0998 loss2 : 0.0440
17:52:13 (train) accuracy1 : 98.65% accuracy2 : 99.49% train time: 87.55s
17:52:19 (eval) accuracy: 73.73% eval time: 5.25s
17:52:19 best accuracy: 80.48 % 
17:52:19 
### epoch : 35 ###
17:53:45 (train) loss1 : 0.0952 loss2 : 0.0284
17:53:45 (train) accuracy1 : 98.78% accuracy2 : 99.52% train time: 86.86s
17:53:51 (eval) accuracy: 69.56% eval time: 5.25s
17:53:51 best accuracy: 80.48 % 
17:53:51 
### epoch : 36 ###
17:55:18 (train) loss1 : 0.0712 loss2 : 0.0325
17:55:18 (train) accuracy1 : 99.10% accuracy2 : 99.58% train time: 87.27s
17:55:24 (eval) accuracy: 63.75% eval time: 5.24s
17:55:24 best accuracy: 80.48 % 
17:55:24 
### epoch : 37 ###
17:56:51 (train) loss1 : 0.0927 loss2 : 0.0262
17:56:51 (train) accuracy1 : 98.71% accuracy2 : 99.68% train time: 86.78s
17:56:56 (eval) accuracy: 82.86% eval time: 5.15s
17:56:56 model is saved at 37 epochs
17:56:56 best accuracy: 82.86 % 
17:56:56 
### epoch : 38 ###
17:58:23 (train) loss1 : 0.0643 loss2 : 0.0295
17:58:23 (train) accuracy1 : 99.06% accuracy2 : 99.64% train time: 87.05s
17:58:29 (eval) accuracy: 75.82% eval time: 5.08s
17:58:29 best accuracy: 82.86 % 
17:58:29 
### epoch : 39 ###
17:59:56 (train) loss1 : 0.0760 loss2 : 0.0342
17:59:56 (train) accuracy1 : 98.94% accuracy2 : 99.59% train time: 87.15s
18:00:01 (eval) accuracy: 73.36% eval time: 5.08s
18:00:01 best accuracy: 82.86 % 
18:00:01 
### epoch : 40 ###
18:01:28 (train) loss1 : 0.0916 loss2 : 0.0263
18:01:28 (train) accuracy1 : 98.62% accuracy2 : 99.65% train time: 86.65s
18:01:34 (eval) accuracy: 77.54% eval time: 5.15s
18:01:34 best accuracy: 82.86 % 
18:01:34 
### epoch : 41 ###
18:03:00 (train) loss1 : 0.0833 loss2 : 0.0284
18:03:00 (train) accuracy1 : 98.88% accuracy2 : 99.65% train time: 86.21s
18:03:05 (eval) accuracy: 74.30% eval time: 5.07s
18:03:05 best accuracy: 82.86 % 
18:03:05 
### epoch : 42 ###
18:04:32 (train) loss1 : 0.0711 loss2 : 0.0336
18:04:32 (train) accuracy1 : 99.07% accuracy2 : 99.61% train time: 86.48s
18:04:37 (eval) accuracy: 67.18% eval time: 5.07s
18:04:37 best accuracy: 82.86 % 
18:04:37 
### epoch : 43 ###
18:06:05 (train) loss1 : 0.0714 loss2 : 0.0258
18:06:05 (train) accuracy1 : 98.98% accuracy2 : 99.58% train time: 87.59s
18:06:10 (eval) accuracy: 55.61% eval time: 5.15s
18:06:10 best accuracy: 82.86 % 
18:06:10 
### epoch : 44 ###
18:07:38 (train) loss1 : 0.0964 loss2 : 0.0289
18:07:38 (train) accuracy1 : 98.65% accuracy2 : 99.62% train time: 87.21s
18:07:43 (eval) accuracy: 67.06% eval time: 5.07s
18:07:43 best accuracy: 82.86 % 
18:07:43 
### epoch : 45 ###
18:09:10 (train) loss1 : 0.0958 loss2 : 0.0349
18:09:10 (train) accuracy1 : 98.90% accuracy2 : 99.53% train time: 86.76s
18:09:15 (eval) accuracy: 77.25% eval time: 5.27s
18:09:15 best accuracy: 82.86 % 
18:09:15 
### epoch : 46 ###
18:10:42 (train) loss1 : 0.0961 loss2 : 0.0248
18:10:42 (train) accuracy1 : 98.76% accuracy2 : 99.59% train time: 86.82s
18:10:48 (eval) accuracy: 64.28% eval time: 5.08s
18:10:48 best accuracy: 82.86 % 
18:10:48 
### epoch : 47 ###
18:12:14 (train) loss1 : 0.0885 loss2 : 0.0333
18:12:14 (train) accuracy1 : 98.74% accuracy2 : 99.61% train time: 86.73s
18:12:20 (eval) accuracy: 71.93% eval time: 5.07s
18:12:20 best accuracy: 82.86 % 
18:12:20 
### epoch : 48 ###
18:13:48 (train) loss1 : 0.0798 loss2 : 0.0265
18:13:48 (train) accuracy1 : 99.03% accuracy2 : 99.64% train time: 87.64s
18:13:53 (eval) accuracy: 62.23% eval time: 5.14s
18:13:53 best accuracy: 82.86 % 
18:13:53 
### epoch : 49 ###
18:15:20 (train) loss1 : 0.1473 loss2 : 0.0604
18:15:20 (train) accuracy1 : 97.81% accuracy2 : 99.27% train time: 86.87s
18:15:26 (eval) accuracy: 81.42% eval time: 5.06s
18:15:26 best accuracy: 82.86 % 
18:15:26 
### epoch : 50 ###
18:16:52 (train) loss1 : 0.0884 loss2 : 0.0394
18:16:52 (train) accuracy1 : 98.92% accuracy2 : 99.51% train time: 86.55s
18:16:58 (eval) accuracy: 71.81% eval time: 5.05s
18:16:58 best accuracy: 82.86 % 
18:16:58 
### epoch : 51 ###
18:18:25 (train) loss1 : 0.0762 loss2 : 0.0336
18:18:25 (train) accuracy1 : 98.79% accuracy2 : 99.56% train time: 87.03s
18:18:30 (eval) accuracy: 67.96% eval time: 5.08s
18:18:30 best accuracy: 82.86 % 
18:18:30 
### epoch : 52 ###
18:19:56 (train) loss1 : 0.0814 loss2 : 0.0384
18:19:56 (train) accuracy1 : 98.88% accuracy2 : 99.52% train time: 86.29s
18:20:02 (eval) accuracy: 79.13% eval time: 5.24s
18:20:02 best accuracy: 82.86 % 
18:20:02 
### epoch : 53 ###
18:21:29 (train) loss1 : 0.0710 loss2 : 0.0347
18:21:29 (train) accuracy1 : 99.01% accuracy2 : 99.53% train time: 87.52s
18:21:35 (eval) accuracy: 71.07% eval time: 5.24s
18:21:35 best accuracy: 82.86 % 
18:21:35 
### epoch : 54 ###
18:23:02 (train) loss1 : 0.0723 loss2 : 0.0242
18:23:02 (train) accuracy1 : 99.13% accuracy2 : 99.59% train time: 86.94s
18:23:07 (eval) accuracy: 74.80% eval time: 5.24s
18:23:07 best accuracy: 82.86 % 
18:23:07 
### epoch : 55 ###
18:24:34 (train) loss1 : 0.0438 loss2 : 0.0250
18:24:34 (train) accuracy1 : 99.46% accuracy2 : 99.67% train time: 86.51s
18:24:39 (eval) accuracy: 71.93% eval time: 5.17s
18:24:39 best accuracy: 82.86 % 
18:24:39 
### epoch : 56 ###
18:26:06 (train) loss1 : 0.0471 loss2 : 0.0311
18:26:06 (train) accuracy1 : 99.49% accuracy2 : 99.53% train time: 86.87s
18:26:12 (eval) accuracy: 66.00% eval time: 5.06s
18:26:12 best accuracy: 82.86 % 
18:26:12 
### epoch : 57 ###
18:27:39 (train) loss1 : 0.0728 loss2 : 0.0316
18:27:39 (train) accuracy1 : 99.01% accuracy2 : 99.62% train time: 86.86s
18:27:44 (eval) accuracy: 66.90% eval time: 5.08s
18:27:44 best accuracy: 82.86 % 
18:27:44 
### epoch : 58 ###
18:29:11 (train) loss1 : 0.0863 loss2 : 0.0253
18:29:11 (train) accuracy1 : 98.72% accuracy2 : 99.65% train time: 86.45s
18:29:16 (eval) accuracy: 60.80% eval time: 5.28s
18:29:16 best accuracy: 82.86 % 
18:29:16 
### epoch : 59 ###
18:30:42 (train) loss1 : 0.0757 loss2 : 0.0284
18:30:42 (train) accuracy1 : 99.03% accuracy2 : 99.59% train time: 85.86s
18:30:47 (eval) accuracy: 69.89% eval time: 5.24s
18:30:47 best accuracy: 82.86 % 
18:30:47 
### epoch : 60 ###
18:32:14 (train) loss1 : 0.0603 loss2 : 0.0210
18:32:14 (train) accuracy1 : 99.29% accuracy2 : 99.65% train time: 86.87s
18:32:20 (eval) accuracy: 49.96% eval time: 5.18s
18:32:20 best accuracy: 82.86 % 
18:32:20 
### epoch : 61 ###
18:33:46 (train) loss1 : 0.0797 loss2 : 0.0262
18:33:46 (train) accuracy1 : 98.78% accuracy2 : 99.62% train time: 86.47s
18:33:52 (eval) accuracy: 73.40% eval time: 5.06s
18:33:52 best accuracy: 82.86 % 
18:33:52 
### epoch : 62 ###
18:35:19 (train) loss1 : 0.0649 loss2 : 0.0279
18:35:19 (train) accuracy1 : 99.20% accuracy2 : 99.55% train time: 87.02s
18:35:24 (eval) accuracy: 66.90% eval time: 5.08s
18:35:24 best accuracy: 82.86 % 
18:35:24 
### epoch : 63 ###
18:36:51 (train) loss1 : 0.0761 loss2 : 0.0240
18:36:51 (train) accuracy1 : 98.98% accuracy2 : 99.65% train time: 87.01s
18:36:57 (eval) accuracy: 62.56% eval time: 5.25s
18:36:57 best accuracy: 82.86 % 
18:36:57 
### epoch : 64 ###
18:38:24 (train) loss1 : 0.0661 loss2 : 0.0311
18:38:24 (train) accuracy1 : 99.29% accuracy2 : 99.52% train time: 86.85s
18:38:29 (eval) accuracy: 57.98% eval time: 5.25s
18:38:29 best accuracy: 82.86 % 
18:38:29 
### epoch : 65 ###
18:39:57 (train) loss1 : 0.0767 loss2 : 0.0254
18:39:57 (train) accuracy1 : 98.92% accuracy2 : 99.65% train time: 87.52s
18:40:02 (eval) accuracy: 74.26% eval time: 5.24s
18:40:02 best accuracy: 82.86 % 
18:40:02 
### epoch : 66 ###
18:41:29 (train) loss1 : 0.0496 loss2 : 0.0204
18:41:29 (train) accuracy1 : 99.42% accuracy2 : 99.77% train time: 86.80s
18:41:35 (eval) accuracy: 76.60% eval time: 5.25s
18:41:35 best accuracy: 82.86 % 
18:41:35 
### epoch : 67 ###
18:43:01 (train) loss1 : 0.0534 loss2 : 0.0155
18:43:01 (train) accuracy1 : 99.39% accuracy2 : 99.84% train time: 86.19s
18:43:06 (eval) accuracy: 67.31% eval time: 5.05s
18:43:06 best accuracy: 82.86 % 
18:43:06 
### epoch : 68 ###
18:44:33 (train) loss1 : 0.0546 loss2 : 0.0213
18:44:33 (train) accuracy1 : 99.23% accuracy2 : 99.68% train time: 86.59s
18:44:38 (eval) accuracy: 78.56% eval time: 5.08s
18:44:38 best accuracy: 82.86 % 
18:44:38 
### epoch : 69 ###
18:46:05 (train) loss1 : 0.0678 loss2 : 0.0136
18:46:05 (train) accuracy1 : 99.19% accuracy2 : 99.77% train time: 86.87s
18:46:11 (eval) accuracy: 78.52% eval time: 5.24s
18:46:11 best accuracy: 82.86 % 
18:46:11 
### epoch : 70 ###
18:47:37 (train) loss1 : 0.0496 loss2 : 0.0143
18:47:37 (train) accuracy1 : 99.35% accuracy2 : 99.80% train time: 86.45s
18:47:43 (eval) accuracy: 65.75% eval time: 5.25s
18:47:43 best accuracy: 82.86 % 
18:47:43 
### epoch : 71 ###
18:49:10 (train) loss1 : 0.0539 loss2 : 0.0212
18:49:10 (train) accuracy1 : 99.27% accuracy2 : 99.75% train time: 86.74s
18:49:15 (eval) accuracy: 76.43% eval time: 5.23s
18:49:15 best accuracy: 82.86 % 
18:49:15 
### epoch : 72 ###
18:50:41 (train) loss1 : 0.0615 loss2 : 0.0274
18:50:41 (train) accuracy1 : 99.16% accuracy2 : 99.64% train time: 86.38s
18:50:47 (eval) accuracy: 71.32% eval time: 5.33s
18:50:47 best accuracy: 82.86 % 
18:50:47 
### epoch : 73 ###
18:52:14 (train) loss1 : 0.0660 loss2 : 0.0230
18:52:14 (train) accuracy1 : 99.16% accuracy2 : 99.67% train time: 86.84s
18:52:19 (eval) accuracy: 73.24% eval time: 5.14s
18:52:19 best accuracy: 82.86 % 
18:52:19 
### epoch : 74 ###
18:53:46 (train) loss1 : 0.0764 loss2 : 0.0331
18:53:46 (train) accuracy1 : 98.88% accuracy2 : 99.62% train time: 86.73s
18:53:52 (eval) accuracy: 77.21% eval time: 5.06s
18:53:52 best accuracy: 82.86 % 
18:53:52 
### epoch : 75 ###
18:55:18 (train) loss1 : 0.0522 loss2 : 0.0160
18:55:18 (train) accuracy1 : 99.29% accuracy2 : 99.78% train time: 86.69s
18:55:24 (eval) accuracy: 75.16% eval time: 5.05s
18:55:24 best accuracy: 82.86 % 
18:55:24 
### epoch : 76 ###
18:56:50 (train) loss1 : 0.0531 loss2 : 0.0113
18:56:50 (train) accuracy1 : 99.17% accuracy2 : 99.88% train time: 86.75s
18:56:56 (eval) accuracy: 80.97% eval time: 5.31s
18:56:56 best accuracy: 82.86 % 
18:56:56 
### epoch : 77 ###
18:58:23 (train) loss1 : 0.0681 loss2 : 0.0322
18:58:23 (train) accuracy1 : 99.22% accuracy2 : 99.58% train time: 86.58s
18:58:28 (eval) accuracy: 69.11% eval time: 5.25s
18:58:28 best accuracy: 82.86 % 
18:58:28 
### epoch : 78 ###
18:59:55 (train) loss1 : 0.0511 loss2 : 0.0221
18:59:55 (train) accuracy1 : 99.30% accuracy2 : 99.78% train time: 86.85s
19:00:00 (eval) accuracy: 63.34% eval time: 5.15s
19:00:00 best accuracy: 82.86 % 
19:00:00 
### epoch : 79 ###
19:01:27 (train) loss1 : 0.0737 loss2 : 0.0181
19:01:27 (train) accuracy1 : 99.06% accuracy2 : 99.80% train time: 86.76s
19:01:33 (eval) accuracy: 81.42% eval time: 5.05s
19:01:33 best accuracy: 82.86 % 
19:01:33 
### epoch : 80 ###
19:02:59 (train) loss1 : 0.0464 loss2 : 0.0233
19:02:59 (train) accuracy1 : 99.35% accuracy2 : 99.68% train time: 86.28s
19:03:04 (eval) accuracy: 76.02% eval time: 5.06s
19:03:04 best accuracy: 82.86 % 
19:03:04 
### epoch : 81 ###
19:04:32 (train) loss1 : 0.0466 loss2 : 0.0139
19:04:32 (train) accuracy1 : 99.42% accuracy2 : 99.85% train time: 87.12s
19:04:37 (eval) accuracy: 70.01% eval time: 5.24s
19:04:37 best accuracy: 82.86 % 
19:04:37 
### epoch : 82 ###
19:06:04 (train) loss1 : 0.0707 loss2 : 0.0197
19:06:04 (train) accuracy1 : 99.13% accuracy2 : 99.77% train time: 86.74s
19:06:09 (eval) accuracy: 77.41% eval time: 5.25s
19:06:09 best accuracy: 82.86 % 
19:06:09 
### epoch : 83 ###
19:07:36 (train) loss1 : 0.0502 loss2 : 0.0209
19:07:36 (train) accuracy1 : 99.36% accuracy2 : 99.68% train time: 87.13s
19:07:42 (eval) accuracy: 83.92% eval time: 5.24s
19:07:42 model is saved at 83 epochs
19:07:42 best accuracy: 83.92 % 
19:07:42 
### epoch : 84 ###
19:09:09 (train) loss1 : 0.0428 loss2 : 0.0403
19:09:09 (train) accuracy1 : 99.48% accuracy2 : 99.58% train time: 86.36s
19:09:14 (eval) accuracy: 77.99% eval time: 5.06s
19:09:14 best accuracy: 83.92 % 
19:09:14 
### epoch : 85 ###
19:10:41 (train) loss1 : 0.0787 loss2 : 0.0240
19:10:41 (train) accuracy1 : 98.78% accuracy2 : 99.68% train time: 86.95s
19:10:47 (eval) accuracy: 73.94% eval time: 5.10s
19:10:47 best accuracy: 83.92 % 
19:10:47 
### epoch : 86 ###
19:12:13 (train) loss1 : 0.0628 loss2 : 0.0235
19:12:13 (train) accuracy1 : 99.19% accuracy2 : 99.68% train time: 86.54s
19:12:19 (eval) accuracy: 74.75% eval time: 5.26s
19:12:19 best accuracy: 83.92 % 
19:12:19 
### epoch : 87 ###
19:13:46 (train) loss1 : 0.0483 loss2 : 0.0114
19:13:46 (train) accuracy1 : 99.42% accuracy2 : 99.90% train time: 87.00s
19:13:51 (eval) accuracy: 68.17% eval time: 5.13s
19:13:51 best accuracy: 83.92 % 
19:13:51 
### epoch : 88 ###
19:15:18 (train) loss1 : 0.0718 loss2 : 0.0321
19:15:18 (train) accuracy1 : 99.07% accuracy2 : 99.55% train time: 86.82s
19:15:23 (eval) accuracy: 81.26% eval time: 5.09s
19:15:23 best accuracy: 83.92 % 
19:15:23 
### epoch : 89 ###
19:16:50 (train) loss1 : 0.0369 loss2 : 0.0101
19:16:50 (train) accuracy1 : 99.46% accuracy2 : 99.84% train time: 86.54s
19:16:56 (eval) accuracy: 71.40% eval time: 5.18s
19:16:56 best accuracy: 83.92 % 
19:16:56 
### epoch : 90 ###
19:18:22 (train) loss1 : 0.0888 loss2 : 0.0195
19:18:22 (train) accuracy1 : 98.90% accuracy2 : 99.68% train time: 86.61s
19:18:28 (eval) accuracy: 84.33% eval time: 5.25s
19:18:28 model is saved at 90 epochs
19:18:28 best accuracy: 84.33 % 
19:18:28 
### epoch : 91 ###
19:19:55 (train) loss1 : 0.0610 loss2 : 0.0108
19:19:55 (train) accuracy1 : 99.08% accuracy2 : 99.85% train time: 87.18s
19:20:01 (eval) accuracy: 83.47% eval time: 5.05s
19:20:01 best accuracy: 84.33 % 
19:20:01 
### epoch : 92 ###
19:21:28 (train) loss1 : 0.0508 loss2 : 0.0049
19:21:28 (train) accuracy1 : 99.40% accuracy2 : 99.96% train time: 86.95s
19:21:33 (eval) accuracy: 86.74% eval time: 5.06s
19:21:33 model is saved at 92 epochs
19:21:33 best accuracy: 86.74 % 
19:21:33 
### epoch : 93 ###
19:23:00 (train) loss1 : 0.0450 loss2 : 0.0205
19:23:00 (train) accuracy1 : 99.42% accuracy2 : 99.71% train time: 86.99s
19:23:06 (eval) accuracy: 68.78% eval time: 5.37s
19:23:06 best accuracy: 86.74 % 
19:23:06 
### epoch : 94 ###
19:24:33 (train) loss1 : 0.0888 loss2 : 0.0333
19:24:33 (train) accuracy1 : 98.76% accuracy2 : 99.55% train time: 87.16s
19:24:38 (eval) accuracy: 71.81% eval time: 5.25s
19:24:38 best accuracy: 86.74 % 
19:24:38 
### epoch : 95 ###
19:26:06 (train) loss1 : 0.0738 loss2 : 0.0184
19:26:06 (train) accuracy1 : 98.98% accuracy2 : 99.81% train time: 87.20s
19:26:11 (eval) accuracy: 78.11% eval time: 5.25s
19:26:11 best accuracy: 86.74 % 
19:26:11 
### epoch : 96 ###
19:27:38 (train) loss1 : 0.0449 loss2 : 0.0321
19:27:38 (train) accuracy1 : 99.45% accuracy2 : 99.53% train time: 86.60s
19:27:43 (eval) accuracy: 68.45% eval time: 5.24s
19:27:43 best accuracy: 86.74 % 
19:27:43 
### epoch : 97 ###
19:29:11 (train) loss1 : 0.0658 loss2 : 0.0246
19:29:11 (train) accuracy1 : 99.20% accuracy2 : 99.69% train time: 87.59s
19:29:16 (eval) accuracy: 73.40% eval time: 5.33s
19:29:16 best accuracy: 86.74 % 
19:29:16 
### epoch : 98 ###
19:30:44 (train) loss1 : 0.0575 loss2 : 0.0137
19:30:44 (train) accuracy1 : 99.26% accuracy2 : 99.81% train time: 87.10s
19:30:49 (eval) accuracy: 72.42% eval time: 5.15s
19:30:49 best accuracy: 86.74 % 
19:30:49 
### epoch : 99 ###
19:32:16 (train) loss1 : 0.0647 loss2 : 0.0228
19:32:16 (train) accuracy1 : 99.01% accuracy2 : 99.71% train time: 86.82s
19:32:21 (eval) accuracy: 80.48% eval time: 5.06s
19:32:21 best accuracy: 86.74 % 
19:32:21 
### epoch : 100 ###
19:33:48 (train) loss1 : 0.0357 loss2 : 0.0175
19:33:48 (train) accuracy1 : 99.59% accuracy2 : 99.74% train time: 86.75s
19:33:54 (eval) accuracy: 86.62% eval time: 5.24s
19:33:54 best accuracy: 86.74 % 
19:33:54 
### epoch : 101 ###
19:35:20 (train) loss1 : 0.0526 loss2 : 0.0220
19:35:20 (train) accuracy1 : 99.38% accuracy2 : 99.69% train time: 86.85s
19:35:26 (eval) accuracy: 62.93% eval time: 5.05s
19:35:26 best accuracy: 86.74 % 
19:35:26 
### epoch : 102 ###
19:36:53 (train) loss1 : 0.0473 loss2 : 0.0194
19:36:53 (train) accuracy1 : 99.24% accuracy2 : 99.75% train time: 86.78s
19:36:58 (eval) accuracy: 72.46% eval time: 5.14s
19:36:58 best accuracy: 86.74 % 
19:36:58 
### epoch : 103 ###
19:38:25 (train) loss1 : 0.0423 loss2 : 0.0097
19:38:25 (train) accuracy1 : 99.49% accuracy2 : 99.85% train time: 86.77s
19:38:30 (eval) accuracy: 77.58% eval time: 5.04s
19:38:30 best accuracy: 86.74 % 
19:38:30 
### epoch : 104 ###
19:39:58 (train) loss1 : 0.0862 loss2 : 0.0312
19:39:58 (train) accuracy1 : 98.92% accuracy2 : 99.55% train time: 87.59s
19:40:04 (eval) accuracy: 71.24% eval time: 5.22s
19:40:04 best accuracy: 86.74 % 
19:40:04 
### epoch : 105 ###
19:41:31 (train) loss1 : 0.0484 loss2 : 0.0169
19:41:31 (train) accuracy1 : 99.35% accuracy2 : 99.80% train time: 87.33s
19:41:37 (eval) accuracy: 73.69% eval time: 5.14s
19:41:37 best accuracy: 86.74 % 
19:41:37 
### epoch : 106 ###
19:43:03 (train) loss1 : 0.0336 loss2 : 0.0089
19:43:03 (train) accuracy1 : 99.58% accuracy2 : 99.87% train time: 86.38s
19:43:08 (eval) accuracy: 75.78% eval time: 5.08s
19:43:08 best accuracy: 86.74 % 
19:43:08 
### epoch : 107 ###
19:44:36 (train) loss1 : 0.0883 loss2 : 0.0307
19:44:36 (train) accuracy1 : 98.79% accuracy2 : 99.52% train time: 87.05s
19:44:41 (eval) accuracy: 76.10% eval time: 5.25s
19:44:41 best accuracy: 86.74 % 
19:44:41 
### epoch : 108 ###
19:46:07 (train) loss1 : 0.0475 loss2 : 0.0185
19:46:07 (train) accuracy1 : 99.36% accuracy2 : 99.75% train time: 86.21s
19:46:13 (eval) accuracy: 77.21% eval time: 5.08s
19:46:13 best accuracy: 86.74 % 
19:46:13 
### epoch : 109 ###
19:47:40 (train) loss1 : 0.0579 loss2 : 0.0206
19:47:40 (train) accuracy1 : 99.27% accuracy2 : 99.71% train time: 86.75s
19:47:45 (eval) accuracy: 80.69% eval time: 5.22s
19:47:45 best accuracy: 86.74 % 
19:47:45 
### epoch : 110 ###
19:49:14 (train) loss1 : 0.0674 loss2 : 0.0179
19:49:14 (train) accuracy1 : 99.10% accuracy2 : 99.81% train time: 88.64s
19:49:19 (eval) accuracy: 74.92% eval time: 5.08s
19:49:19 best accuracy: 86.74 % 
19:49:19 
### epoch : 111 ###
19:50:47 (train) loss1 : 0.0547 loss2 : 0.0212
19:50:47 (train) accuracy1 : 99.39% accuracy2 : 99.75% train time: 87.38s
19:50:52 (eval) accuracy: 77.13% eval time: 5.08s
19:50:52 best accuracy: 86.74 % 
19:50:52 
### epoch : 112 ###
19:52:19 (train) loss1 : 0.0541 loss2 : 0.0219
19:52:19 (train) accuracy1 : 99.27% accuracy2 : 99.65% train time: 86.59s
19:52:24 (eval) accuracy: 84.74% eval time: 5.27s
19:52:24 best accuracy: 86.74 % 
19:52:24 
### epoch : 113 ###
19:53:51 (train) loss1 : 0.0452 loss2 : 0.0070
19:53:51 (train) accuracy1 : 99.46% accuracy2 : 99.94% train time: 86.97s
19:53:57 (eval) accuracy: 86.58% eval time: 5.15s
19:53:57 best accuracy: 86.74 % 
19:53:57 
### epoch : 114 ###
19:55:23 (train) loss1 : 0.0603 loss2 : 0.0142
19:55:23 (train) accuracy1 : 99.23% accuracy2 : 99.80% train time: 86.80s
19:55:29 (eval) accuracy: 77.58% eval time: 5.09s
19:55:29 best accuracy: 86.74 % 
19:55:29 
### epoch : 115 ###
19:56:56 (train) loss1 : 0.0318 loss2 : 0.0059
19:56:56 (train) accuracy1 : 99.62% accuracy2 : 99.94% train time: 87.16s
19:57:02 (eval) accuracy: 84.45% eval time: 5.37s
19:57:02 best accuracy: 86.74 % 
19:57:02 
### epoch : 116 ###
19:58:29 (train) loss1 : 0.0398 loss2 : 0.0263
19:58:29 (train) accuracy1 : 99.53% accuracy2 : 99.67% train time: 87.24s
19:58:35 (eval) accuracy: 79.75% eval time: 5.26s
19:58:35 best accuracy: 86.74 % 
19:58:35 
### epoch : 117 ###
20:00:01 (train) loss1 : 0.0620 loss2 : 0.0175
20:00:01 (train) accuracy1 : 99.29% accuracy2 : 99.74% train time: 86.94s
20:00:07 (eval) accuracy: 82.45% eval time: 5.26s
20:00:07 best accuracy: 86.74 % 
20:00:07 
### epoch : 118 ###
20:01:34 (train) loss1 : 0.0448 loss2 : 0.0107
20:01:34 (train) accuracy1 : 99.43% accuracy2 : 99.90% train time: 86.92s
20:01:39 (eval) accuracy: 74.88% eval time: 5.17s
20:01:39 best accuracy: 86.74 % 
20:01:39 
### epoch : 119 ###
20:03:06 (train) loss1 : 0.0725 loss2 : 0.0191
20:03:06 (train) accuracy1 : 99.04% accuracy2 : 99.75% train time: 87.00s
20:03:12 (eval) accuracy: 85.52% eval time: 5.15s
20:03:12 best accuracy: 86.74 % 
20:03:12 
### epoch : 120 ###
20:04:41 (train) loss1 : 0.0580 loss2 : 0.0230
20:04:41 (train) accuracy1 : 99.14% accuracy2 : 99.65% train time: 88.53s
20:04:46 (eval) accuracy: 84.37% eval time: 5.28s
20:04:46 best accuracy: 86.74 % 
20:04:46 
### epoch : 121 ###
20:06:15 (train) loss1 : 0.0415 loss2 : 0.0209
20:06:15 (train) accuracy1 : 99.52% accuracy2 : 99.75% train time: 89.06s
20:06:21 (eval) accuracy: 82.69% eval time: 5.25s
20:06:21 best accuracy: 86.74 % 
20:06:21 
### epoch : 122 ###
20:07:50 (train) loss1 : 0.0469 loss2 : 0.0128
20:07:50 (train) accuracy1 : 99.42% accuracy2 : 99.83% train time: 88.77s
20:07:55 (eval) accuracy: 79.21% eval time: 5.18s
20:07:55 best accuracy: 86.74 % 
20:07:55 
### epoch : 123 ###
20:09:24 (train) loss1 : 0.0358 loss2 : 0.0174
20:09:24 (train) accuracy1 : 99.58% accuracy2 : 99.84% train time: 89.03s
20:09:30 (eval) accuracy: 83.43% eval time: 5.07s
20:09:30 best accuracy: 86.74 % 
20:09:30 
### epoch : 124 ###
20:11:01 (train) loss1 : 0.0706 loss2 : 0.0161
20:11:01 (train) accuracy1 : 98.90% accuracy2 : 99.74% train time: 90.84s
20:11:07 (eval) accuracy: 86.33% eval time: 5.78s
20:11:07 best accuracy: 86.74 % 
20:11:07 
### epoch : 125 ###
20:12:34 (train) loss1 : 0.0554 loss2 : 0.0227
20:12:34 (train) accuracy1 : 99.32% accuracy2 : 99.74% train time: 87.29s
20:12:39 (eval) accuracy: 84.49% eval time: 5.25s
20:12:39 best accuracy: 86.74 % 
20:12:39 
### epoch : 126 ###
20:14:07 (train) loss1 : 0.0841 loss2 : 0.0317
20:14:07 (train) accuracy1 : 98.88% accuracy2 : 99.61% train time: 87.87s
20:14:13 (eval) accuracy: 85.02% eval time: 5.27s
20:14:13 best accuracy: 86.74 % 
20:14:13 
### epoch : 127 ###
20:15:40 (train) loss1 : 0.0599 loss2 : 0.0181
20:15:40 (train) accuracy1 : 99.19% accuracy2 : 99.77% train time: 87.10s
20:15:45 (eval) accuracy: 80.52% eval time: 5.16s
20:15:45 best accuracy: 86.74 % 
20:15:45 
### epoch : 128 ###
20:17:13 (train) loss1 : 0.0364 loss2 : 0.0094
20:17:13 (train) accuracy1 : 99.59% accuracy2 : 99.91% train time: 87.25s
20:17:18 (eval) accuracy: 78.36% eval time: 5.09s
20:17:18 best accuracy: 86.74 % 
20:17:18 
### epoch : 129 ###
20:18:45 (train) loss1 : 0.0254 loss2 : 0.0048
20:18:45 (train) accuracy1 : 99.74% accuracy2 : 99.96% train time: 87.13s
20:18:51 (eval) accuracy: 80.44% eval time: 5.27s
20:18:51 best accuracy: 86.74 % 
20:18:51 
### epoch : 130 ###
20:20:18 (train) loss1 : 0.0912 loss2 : 0.0132
20:20:18 (train) accuracy1 : 98.82% accuracy2 : 99.84% train time: 87.34s
20:20:24 (eval) accuracy: 87.11% eval time: 5.17s
20:20:24 model is saved at 130 epochs
20:20:24 best accuracy: 87.11 % 
20:20:24 
### epoch : 131 ###
20:21:51 (train) loss1 : 0.0397 loss2 : 0.0219
20:21:51 (train) accuracy1 : 99.51% accuracy2 : 99.72% train time: 87.22s
20:21:57 (eval) accuracy: 76.43% eval time: 5.09s
20:21:57 best accuracy: 87.11 % 
20:21:57 
### epoch : 132 ###
20:23:24 (train) loss1 : 0.0274 loss2 : 0.0085
20:23:24 (train) accuracy1 : 99.74% accuracy2 : 99.88% train time: 87.37s
20:23:30 (eval) accuracy: 75.00% eval time: 5.26s
20:23:30 best accuracy: 87.11 % 
20:23:30 
### epoch : 133 ###
20:24:57 (train) loss1 : 0.0789 loss2 : 0.0378
20:24:57 (train) accuracy1 : 98.94% accuracy2 : 99.59% train time: 86.97s
20:25:02 (eval) accuracy: 76.72% eval time: 5.27s
20:25:02 best accuracy: 87.11 % 
20:25:02 
### epoch : 134 ###
20:26:29 (train) loss1 : 0.0282 loss2 : 0.0093
20:26:29 (train) accuracy1 : 99.62% accuracy2 : 99.83% train time: 87.24s
20:26:35 (eval) accuracy: 78.40% eval time: 5.29s
20:26:35 best accuracy: 87.11 % 
20:26:35 
### epoch : 135 ###
20:28:02 (train) loss1 : 0.0353 loss2 : 0.0101
20:28:02 (train) accuracy1 : 99.64% accuracy2 : 99.91% train time: 86.96s
20:28:07 (eval) accuracy: 84.94% eval time: 5.25s
20:28:07 best accuracy: 87.11 % 
20:28:07 
### epoch : 136 ###
20:29:34 (train) loss1 : 0.0499 loss2 : 0.0263
20:29:34 (train) accuracy1 : 99.38% accuracy2 : 99.64% train time: 87.08s
20:29:40 (eval) accuracy: 79.09% eval time: 5.07s
20:29:40 best accuracy: 87.11 % 
20:29:40 
### epoch : 137 ###
20:31:07 (train) loss1 : 0.0406 loss2 : 0.0102
20:31:07 (train) accuracy1 : 99.51% accuracy2 : 99.85% train time: 86.90s
20:31:12 (eval) accuracy: 77.33% eval time: 5.05s
20:31:12 best accuracy: 87.11 % 
20:31:12 
### epoch : 138 ###
20:32:39 (train) loss1 : 0.0599 loss2 : 0.0181
20:32:39 (train) accuracy1 : 99.27% accuracy2 : 99.85% train time: 86.83s
20:32:45 (eval) accuracy: 86.99% eval time: 5.07s
20:32:45 best accuracy: 87.11 % 
20:32:45 
### epoch : 139 ###
20:34:11 (train) loss1 : 0.0738 loss2 : 0.0346
20:34:11 (train) accuracy1 : 99.10% accuracy2 : 99.55% train time: 86.75s
20:34:17 (eval) accuracy: 84.41% eval time: 5.07s
20:34:17 best accuracy: 87.11 % 
20:34:17 
### epoch : 140 ###
20:35:43 (train) loss1 : 0.0579 loss2 : 0.0311
20:35:43 (train) accuracy1 : 99.24% accuracy2 : 99.61% train time: 86.68s
20:35:49 (eval) accuracy: 86.29% eval time: 5.17s
20:35:49 best accuracy: 87.11 % 
20:35:49 
### epoch : 141 ###
20:37:16 (train) loss1 : 0.0506 loss2 : 0.0145
20:37:16 (train) accuracy1 : 99.36% accuracy2 : 99.74% train time: 86.98s
20:37:22 (eval) accuracy: 86.46% eval time: 5.24s
20:37:22 best accuracy: 87.11 % 
20:37:22 
### epoch : 142 ###
20:38:48 (train) loss1 : 0.0384 loss2 : 0.0164
20:38:48 (train) accuracy1 : 99.49% accuracy2 : 99.80% train time: 86.50s
20:38:54 (eval) accuracy: 68.09% eval time: 5.29s
20:38:54 best accuracy: 87.11 % 
20:38:54 
### epoch : 143 ###
20:40:21 (train) loss1 : 0.0718 loss2 : 0.0150
20:40:21 (train) accuracy1 : 99.00% accuracy2 : 99.74% train time: 87.08s
20:40:26 (eval) accuracy: 76.80% eval time: 5.08s
20:40:26 best accuracy: 87.11 % 
20:40:26 
### epoch : 144 ###
20:41:53 (train) loss1 : 0.0292 loss2 : 0.0134
20:41:53 (train) accuracy1 : 99.65% accuracy2 : 99.85% train time: 87.12s
20:41:59 (eval) accuracy: 71.89% eval time: 5.17s
20:41:59 best accuracy: 87.11 % 
20:41:59 
### epoch : 145 ###
20:43:26 (train) loss1 : 0.0895 loss2 : 0.0282
20:43:26 (train) accuracy1 : 98.95% accuracy2 : 99.59% train time: 86.67s
20:43:31 (eval) accuracy: 79.75% eval time: 5.08s
20:43:31 best accuracy: 87.11 % 
20:43:31 
### epoch : 146 ###
20:44:58 (train) loss1 : 0.0333 loss2 : 0.0205
20:44:58 (train) accuracy1 : 99.68% accuracy2 : 99.78% train time: 86.86s
20:45:03 (eval) accuracy: 78.27% eval time: 5.29s
20:45:03 best accuracy: 87.11 % 
20:45:03 
### epoch : 147 ###
20:46:31 (train) loss1 : 0.0269 loss2 : 0.0071
20:46:31 (train) accuracy1 : 99.72% accuracy2 : 99.93% train time: 87.02s
20:46:36 (eval) accuracy: 74.96% eval time: 5.16s
20:46:36 best accuracy: 87.11 % 
20:46:36 
### epoch : 148 ###
20:48:04 (train) loss1 : 0.0888 loss2 : 0.0286
20:48:04 (train) accuracy1 : 98.94% accuracy2 : 99.65% train time: 87.51s
20:48:09 (eval) accuracy: 84.08% eval time: 5.10s
20:48:09 best accuracy: 87.11 % 
20:48:09 
### epoch : 149 ###
20:49:36 (train) loss1 : 0.0643 loss2 : 0.0206
20:49:36 (train) accuracy1 : 99.13% accuracy2 : 99.83% train time: 86.79s
20:49:41 (eval) accuracy: 89.36% eval time: 5.10s
20:49:41 model is saved at 149 epochs
20:49:42 best accuracy: 89.36 % 
20:49:42 
### epoch : 150 ###
20:51:09 (train) loss1 : 0.0300 loss2 : 0.0138
20:51:09 (train) accuracy1 : 99.75% accuracy2 : 99.81% train time: 87.01s
20:51:14 (eval) accuracy: 80.11% eval time: 5.19s
20:51:14 best accuracy: 89.36 % 
20:51:14 
### epoch : 151 ###
20:52:42 (train) loss1 : 0.0459 loss2 : 0.0188
20:52:42 (train) accuracy1 : 99.53% accuracy2 : 99.72% train time: 87.42s
20:52:47 (eval) accuracy: 78.97% eval time: 5.32s
20:52:47 best accuracy: 89.36 % 
20:52:47 
### epoch : 152 ###
20:54:15 (train) loss1 : 0.0838 loss2 : 0.0318
20:54:15 (train) accuracy1 : 98.88% accuracy2 : 99.58% train time: 87.88s
20:54:21 (eval) accuracy: 82.90% eval time: 5.26s
20:54:21 best accuracy: 89.36 % 
20:54:21 
### epoch : 153 ###
20:55:48 (train) loss1 : 0.0273 loss2 : 0.0043
20:55:48 (train) accuracy1 : 99.61% accuracy2 : 99.96% train time: 86.88s
20:55:53 (eval) accuracy: 84.53% eval time: 5.41s
20:55:53 best accuracy: 89.36 % 
20:55:53 
### epoch : 154 ###
20:57:21 (train) loss1 : 0.0501 loss2 : 0.0146
20:57:21 (train) accuracy1 : 99.27% accuracy2 : 99.77% train time: 87.52s
20:57:26 (eval) accuracy: 83.84% eval time: 5.27s
20:57:26 best accuracy: 89.36 % 
20:57:26 
### epoch : 155 ###
20:58:54 (train) loss1 : 0.0446 loss2 : 0.0131
20:58:54 (train) accuracy1 : 99.40% accuracy2 : 99.84% train time: 87.35s
20:58:59 (eval) accuracy: 81.51% eval time: 5.28s
20:58:59 best accuracy: 89.36 % 
20:58:59 
### epoch : 156 ###
21:00:29 (train) loss1 : 0.0285 loss2 : 0.0130
21:00:29 (train) accuracy1 : 99.71% accuracy2 : 99.87% train time: 89.95s
21:00:35 (eval) accuracy: 83.18% eval time: 5.52s
21:00:35 best accuracy: 89.36 % 
21:00:35 
### epoch : 157 ###
21:02:03 (train) loss1 : 0.0391 loss2 : 0.0058
21:02:03 (train) accuracy1 : 99.51% accuracy2 : 99.93% train time: 87.28s
21:02:08 (eval) accuracy: 88.01% eval time: 5.12s
21:02:08 best accuracy: 89.36 % 
21:02:08 
### epoch : 158 ###
21:03:35 (train) loss1 : 0.0740 loss2 : 0.0265
21:03:35 (train) accuracy1 : 99.11% accuracy2 : 99.65% train time: 87.13s
21:03:41 (eval) accuracy: 87.56% eval time: 5.10s
21:03:41 best accuracy: 89.36 % 
21:03:41 
### epoch : 159 ###
21:05:08 (train) loss1 : 0.0412 loss2 : 0.0074
21:05:08 (train) accuracy1 : 99.45% accuracy2 : 99.93% train time: 87.66s
21:05:14 (eval) accuracy: 85.35% eval time: 5.08s
21:05:14 best accuracy: 89.36 % 
21:05:14 
### epoch : 160 ###
21:06:42 (train) loss1 : 0.0208 loss2 : 0.0109
21:06:42 (train) accuracy1 : 99.80% accuracy2 : 99.93% train time: 88.04s
21:06:48 (eval) accuracy: 77.50% eval time: 5.19s
21:06:48 best accuracy: 89.36 % 
21:06:48 
### epoch : 161 ###
21:08:14 (train) loss1 : 0.0347 loss2 : 0.0066
21:08:14 (train) accuracy1 : 99.52% accuracy2 : 99.88% train time: 86.84s
21:08:20 (eval) accuracy: 71.40% eval time: 5.09s
21:08:20 best accuracy: 89.36 % 
21:08:20 
### epoch : 162 ###
21:09:47 (train) loss1 : 0.0445 loss2 : 0.0109
21:09:47 (train) accuracy1 : 99.45% accuracy2 : 99.88% train time: 87.26s
21:09:53 (eval) accuracy: 81.51% eval time: 5.18s
21:09:53 best accuracy: 89.36 % 
21:09:53 
### epoch : 163 ###
21:11:20 (train) loss1 : 0.0451 loss2 : 0.0041
21:11:20 (train) accuracy1 : 99.40% accuracy2 : 99.94% train time: 87.23s
21:11:25 (eval) accuracy: 75.61% eval time: 5.08s
21:11:25 best accuracy: 89.36 % 
21:11:25 
### epoch : 164 ###
21:12:53 (train) loss1 : 0.0540 loss2 : 0.0195
21:12:53 (train) accuracy1 : 99.26% accuracy2 : 99.81% train time: 87.54s
21:12:59 (eval) accuracy: 82.98% eval time: 5.26s
21:12:59 best accuracy: 89.36 % 
21:12:59 
### epoch : 165 ###
21:14:25 (train) loss1 : 0.0444 loss2 : 0.0112
21:14:25 (train) accuracy1 : 99.43% accuracy2 : 99.87% train time: 86.90s
21:14:31 (eval) accuracy: 86.17% eval time: 5.29s
21:14:31 best accuracy: 89.36 % 
21:14:31 
### epoch : 166 ###
21:15:58 (train) loss1 : 0.0454 loss2 : 0.0258
21:15:58 (train) accuracy1 : 99.48% accuracy2 : 99.69% train time: 87.33s
21:16:04 (eval) accuracy: 85.39% eval time: 5.26s
21:16:04 best accuracy: 89.36 % 
21:16:04 
### epoch : 167 ###
21:17:31 (train) loss1 : 0.0737 loss2 : 0.0246
21:17:31 (train) accuracy1 : 99.06% accuracy2 : 99.68% train time: 86.77s
21:17:36 (eval) accuracy: 81.10% eval time: 5.06s
21:17:36 best accuracy: 89.36 % 
21:17:36 
### epoch : 168 ###
21:19:02 (train) loss1 : 0.0260 loss2 : 0.0086
21:19:02 (train) accuracy1 : 99.69% accuracy2 : 99.90% train time: 86.28s
21:19:08 (eval) accuracy: 84.12% eval time: 5.06s
21:19:08 best accuracy: 89.36 % 
21:19:08 
### epoch : 169 ###
21:20:35 (train) loss1 : 0.0361 loss2 : 0.0091
21:20:35 (train) accuracy1 : 99.56% accuracy2 : 99.88% train time: 86.90s
21:20:40 (eval) accuracy: 85.02% eval time: 5.07s
21:20:40 best accuracy: 89.36 % 
21:20:40 
### epoch : 170 ###
21:22:07 (train) loss1 : 0.0890 loss2 : 0.0237
21:22:07 (train) accuracy1 : 98.84% accuracy2 : 99.71% train time: 86.81s
21:22:13 (eval) accuracy: 79.38% eval time: 5.36s
21:22:13 best accuracy: 89.36 % 
21:22:13 
### epoch : 171 ###
21:23:39 (train) loss1 : 0.0372 loss2 : 0.0175
21:23:39 (train) accuracy1 : 99.55% accuracy2 : 99.83% train time: 86.67s
21:23:45 (eval) accuracy: 72.14% eval time: 5.22s
21:23:45 best accuracy: 89.36 % 
21:23:45 
### epoch : 172 ###
21:25:11 (train) loss1 : 0.0416 loss2 : 0.0135
21:25:11 (train) accuracy1 : 99.49% accuracy2 : 99.88% train time: 86.57s
21:25:17 (eval) accuracy: 80.24% eval time: 5.13s
21:25:17 best accuracy: 89.36 % 
21:25:17 
### epoch : 173 ###
21:26:44 (train) loss1 : 0.0438 loss2 : 0.0228
21:26:44 (train) accuracy1 : 99.43% accuracy2 : 99.69% train time: 86.99s
21:26:49 (eval) accuracy: 89.20% eval time: 5.07s
21:26:49 best accuracy: 89.36 % 
21:26:49 
### epoch : 174 ###
21:28:16 (train) loss1 : 0.0548 loss2 : 0.0103
21:28:16 (train) accuracy1 : 99.27% accuracy2 : 99.84% train time: 86.34s
21:28:21 (eval) accuracy: 81.38% eval time: 5.05s
21:28:21 best accuracy: 89.36 % 
21:28:21 
### epoch : 175 ###
21:29:48 (train) loss1 : 0.0543 loss2 : 0.0200
21:29:48 (train) accuracy1 : 99.27% accuracy2 : 99.69% train time: 87.10s
21:29:54 (eval) accuracy: 89.12% eval time: 5.24s
21:29:54 best accuracy: 89.36 % 
21:29:54 
### epoch : 176 ###
21:31:22 (train) loss1 : 0.0332 loss2 : 0.0041
21:31:22 (train) accuracy1 : 99.62% accuracy2 : 99.97% train time: 87.88s
21:31:27 (eval) accuracy: 86.05% eval time: 5.25s
21:31:27 best accuracy: 89.36 % 
21:31:27 
### epoch : 177 ###
21:32:55 (train) loss1 : 0.0414 loss2 : 0.0211
21:32:55 (train) accuracy1 : 99.49% accuracy2 : 99.72% train time: 87.31s
21:33:00 (eval) accuracy: 79.91% eval time: 5.22s
21:33:00 best accuracy: 89.36 % 
21:33:00 
### epoch : 178 ###
21:34:27 (train) loss1 : 0.0604 loss2 : 0.0194
21:34:27 (train) accuracy1 : 99.22% accuracy2 : 99.78% train time: 87.19s
21:34:33 (eval) accuracy: 83.06% eval time: 5.07s
21:34:33 best accuracy: 89.36 % 
21:34:33 
### epoch : 179 ###
21:35:59 (train) loss1 : 0.0408 loss2 : 0.0052
21:35:59 (train) accuracy1 : 99.51% accuracy2 : 99.96% train time: 86.67s
21:36:05 (eval) accuracy: 76.51% eval time: 5.31s
21:36:05 best accuracy: 89.36 % 
21:36:05 
### epoch : 180 ###
21:37:32 (train) loss1 : 0.0259 loss2 : 0.0087
21:37:32 (train) accuracy1 : 99.77% accuracy2 : 99.81% train time: 87.31s
21:37:38 (eval) accuracy: 75.37% eval time: 5.10s
21:37:38 best accuracy: 89.36 % 
21:37:38 
### epoch : 181 ###
21:39:05 (train) loss1 : 0.0394 loss2 : 0.0133
21:39:05 (train) accuracy1 : 99.49% accuracy2 : 99.85% train time: 86.71s
21:39:11 (eval) accuracy: 78.68% eval time: 5.11s
21:39:11 best accuracy: 89.36 % 
21:39:11 
### epoch : 182 ###
21:40:37 (train) loss1 : 0.0214 loss2 : 0.0037
21:40:37 (train) accuracy1 : 99.78% accuracy2 : 99.97% train time: 86.88s
21:40:43 (eval) accuracy: 86.82% eval time: 5.17s
21:40:43 best accuracy: 89.36 % 
21:40:43 
### epoch : 183 ###
21:42:10 (train) loss1 : 0.0374 loss2 : 0.0120
21:42:10 (train) accuracy1 : 99.46% accuracy2 : 99.88% train time: 87.47s
21:42:16 (eval) accuracy: 85.88% eval time: 5.08s
21:42:16 best accuracy: 89.36 % 
21:42:16 
### epoch : 184 ###
21:43:44 (train) loss1 : 0.0693 loss2 : 0.0255
21:43:44 (train) accuracy1 : 99.04% accuracy2 : 99.62% train time: 87.68s
21:43:49 (eval) accuracy: 71.97% eval time: 5.26s
21:43:49 best accuracy: 89.36 % 
21:43:49 
### epoch : 185 ###
21:45:16 (train) loss1 : 0.0617 loss2 : 0.0087
21:45:16 (train) accuracy1 : 99.19% accuracy2 : 99.90% train time: 87.11s
21:45:22 (eval) accuracy: 84.78% eval time: 5.26s
21:45:22 best accuracy: 89.36 % 
21:45:22 
### epoch : 186 ###
21:46:49 (train) loss1 : 0.0569 loss2 : 0.0374
21:46:49 (train) accuracy1 : 99.27% accuracy2 : 99.45% train time: 87.74s
21:46:55 (eval) accuracy: 78.52% eval time: 5.28s
21:46:55 best accuracy: 89.36 % 
21:46:55 
### epoch : 187 ###
21:48:22 (train) loss1 : 0.0529 loss2 : 0.0265
21:48:22 (train) accuracy1 : 99.40% accuracy2 : 99.71% train time: 87.05s
21:48:28 (eval) accuracy: 83.39% eval time: 5.09s
21:48:28 best accuracy: 89.36 % 
21:48:28 
### epoch : 188 ###
21:49:55 (train) loss1 : 0.0493 loss2 : 0.0126
21:49:55 (train) accuracy1 : 99.40% accuracy2 : 99.80% train time: 86.97s
21:50:00 (eval) accuracy: 70.17% eval time: 5.26s
21:50:00 best accuracy: 89.36 % 
21:50:00 
### epoch : 189 ###
21:51:27 (train) loss1 : 0.0426 loss2 : 0.0098
21:51:27 (train) accuracy1 : 99.42% accuracy2 : 99.90% train time: 86.70s
21:51:32 (eval) accuracy: 89.93% eval time: 5.26s
21:51:32 model is saved at 189 epochs
21:51:33 best accuracy: 89.93 % 
21:51:33 
### epoch : 190 ###
21:52:59 (train) loss1 : 0.0617 loss2 : 0.0211
21:52:59 (train) accuracy1 : 99.30% accuracy2 : 99.65% train time: 86.73s
21:53:05 (eval) accuracy: 77.91% eval time: 5.15s
21:53:05 best accuracy: 89.93 % 
21:53:05 
### epoch : 191 ###
21:54:32 (train) loss1 : 0.0713 loss2 : 0.0214
21:54:32 (train) accuracy1 : 99.00% accuracy2 : 99.74% train time: 86.92s
21:54:37 (eval) accuracy: 82.73% eval time: 5.06s
21:54:37 best accuracy: 89.93 % 
21:54:37 
### epoch : 192 ###
21:56:04 (train) loss1 : 0.0350 loss2 : 0.0028
21:56:04 (train) accuracy1 : 99.51% accuracy2 : 100.00% train time: 86.94s
21:56:10 (eval) accuracy: 82.45% eval time: 5.08s
21:56:10 best accuracy: 89.93 % 
21:56:10 
### epoch : 193 ###
21:57:36 (train) loss1 : 0.0546 loss2 : 0.0196
21:57:36 (train) accuracy1 : 99.29% accuracy2 : 99.75% train time: 86.80s
21:57:42 (eval) accuracy: 84.04% eval time: 5.24s
21:57:42 best accuracy: 89.93 % 
21:57:42 
### epoch : 194 ###
21:59:09 (train) loss1 : 0.0472 loss2 : 0.0104
21:59:09 (train) accuracy1 : 99.33% accuracy2 : 99.88% train time: 86.60s
21:59:14 (eval) accuracy: 85.35% eval time: 5.14s
21:59:14 best accuracy: 89.93 % 
21:59:14 
### epoch : 195 ###
22:00:41 (train) loss1 : 0.0553 loss2 : 0.0262
22:00:41 (train) accuracy1 : 99.27% accuracy2 : 99.65% train time: 87.14s
22:00:47 (eval) accuracy: 86.13% eval time: 5.08s
22:00:47 best accuracy: 89.93 % 
22:00:47 
### epoch : 196 ###
22:02:14 (train) loss1 : 0.0276 loss2 : 0.0197
22:02:14 (train) accuracy1 : 99.68% accuracy2 : 99.77% train time: 87.17s
22:02:19 (eval) accuracy: 84.90% eval time: 5.06s
22:02:19 best accuracy: 89.93 % 
22:02:19 
### epoch : 197 ###
22:03:46 (train) loss1 : 0.0325 loss2 : 0.0047
22:03:46 (train) accuracy1 : 99.62% accuracy2 : 99.99% train time: 86.80s
22:03:52 (eval) accuracy: 87.56% eval time: 5.14s
22:03:52 best accuracy: 89.93 % 
22:03:52 
### epoch : 198 ###
22:05:19 (train) loss1 : 0.0300 loss2 : 0.0133
22:05:19 (train) accuracy1 : 99.75% accuracy2 : 99.78% train time: 87.13s
22:05:24 (eval) accuracy: 81.38% eval time: 5.07s
22:05:24 best accuracy: 89.93 % 
22:05:24 
### epoch : 199 ###
22:06:52 (train) loss1 : 0.0748 loss2 : 0.0130
22:06:52 (train) accuracy1 : 98.91% accuracy2 : 99.85% train time: 87.21s
22:06:57 (eval) accuracy: 85.11% eval time: 5.06s
22:06:57 best accuracy: 89.93 % 
